SF:lib/core/utils/array_to_string.dart
DA:1,1
DA:2,1
DA:5,1
LF:3
LH:3
end_of_record
SF:lib/core/error/exception.dart
DA:3,7
LF:1
LH:1
end_of_record
SF:lib/features/recipes/data/datasources/recipe_remote_datasource.dart
DA:14,1
DA:16,1
DA:19,1
DA:20,2
DA:21,2
DA:22,3
DA:23,1
DA:29,2
LF:8
LH:8
end_of_record
SF:lib/features/recipes/data/model/recipe_model.dart
DA:3,1
DA:4,1
DA:5,3
DA:9,4
DA:28,4
DA:29,2
DA:30,2
DA:31,8
DA:32,8
DA:33,2
DA:34,2
DA:35,2
DA:36,2
DA:37,2
DA:38,2
DA:39,8
DA:40,2
DA:41,2
DA:42,4
DA:43,2
DA:44,8
DA:47,2
DA:48,1
DA:49,1
DA:50,4
DA:51,4
DA:52,1
DA:53,1
DA:54,1
DA:55,1
DA:56,1
DA:57,1
DA:58,4
DA:59,1
DA:60,1
DA:61,1
DA:62,1
DA:63,4
DA:66,2
DA:67,1
DA:68,1
DA:69,1
DA:70,1
DA:71,1
DA:72,1
DA:73,1
DA:74,1
DA:75,1
DA:76,1
DA:77,1
DA:78,1
DA:79,1
DA:80,1
DA:81,1
DA:82,1
LF:55
LH:55
end_of_record
SF:lib/core/error/failure.dart
DA:5,8
DA:7,1
DA:8,2
DA:12,3
DA:16,6
LF:5
LH:5
end_of_record
SF:lib/features/recipes/domain/entity/recipe.dart
DA:21,7
DA:40,3
DA:41,3
DA:42,3
DA:43,3
DA:44,3
DA:45,3
DA:46,3
DA:47,3
DA:48,3
DA:49,3
DA:50,3
DA:51,3
DA:52,3
DA:53,3
DA:54,3
DA:55,3
DA:56,3
DA:57,3
LF:19
LH:19
end_of_record
SF:lib/features/recipes/domain/usecases/fetch_all_recipes.dart
DA:8,1
DA:10,1
DA:11,2
LF:3
LH:3
end_of_record
SF:lib/features/recipes/data/repository/recipe_repository_impl.dart
DA:12,1
DA:14,1
DA:17,2
DA:18,4
DA:19,1
DA:20,1
DA:21,3
DA:22,1
DA:23,1
LF:9
LH:9
end_of_record
SF:lib/features/recipes/presentation/bloc/recipe_state.dart
DA:7,1
DA:8,1
DA:12,1
DA:13,1
DA:18,1
DA:20,1
DA:21,2
DA:26,1
DA:28,1
DA:29,2
LF:10
LH:10
end_of_record
SF:lib/features/recipes/presentation/bloc/recipe_event.dart
DA:7,0
DA:8,0
LF:2
LH:0
end_of_record
SF:lib/features/recipes/presentation/bloc/recipe_bloc.dart
DA:13,1
DA:16,2
DA:17,2
DA:20,1
DA:22,2
DA:23,2
DA:24,1
DA:25,4
DA:26,3
LF:9
LH:9
end_of_record
